<?xml version="1.0" encoding="UTF-8"?>
<!-- Generated by org.testng.reporters.JUnitReportReporter -->
<testsuite hostname="Lenovo" failures="0" tests="1" name="tests.LoginTest" time="31.792" errors="0" timestamp="2022-11-16T19:26:37 IST" skipped="0">
  <testcase classname="tests.LoginTest" name="login" time="31.792"/>
  <system-out/>
</testsuite> <!-- tests.LoginTest -->
