<?xml version="1.0" encoding="UTF-8"?>
<!-- Generated by org.testng.reporters.JUnitReportReporter -->
<testsuite hostname="Lenovo" failures="0" tests="1" name="runner.Runner" time="11.901" errors="0" timestamp="2022-11-16T19:50:35 IST" skipped="0">
  <testcase classname="runner.Runner" name="runScenario" time="11.901"/>
  <system-out/>
</testsuite> <!-- runner.Runner -->
