<?xml version="1.0" encoding="UTF-8"?>
<!-- Generated by org.testng.reporters.JUnitReportReporter -->
<testsuite hostname="Lenovo" failures="0" tests="1" name="tests.ThreeTest" time="29.171" errors="0" timestamp="2022-11-16T19:26:38 IST" skipped="0">
  <testcase classname="tests.ThreeTest" name="testThree" time="29.171"/>
  <system-out/>
</testsuite> <!-- tests.ThreeTest -->
