<?xml version="1.0" encoding="UTF-8"?>
<!-- Generated by org.testng.reporters.JUnitReportReporter -->
<testsuite hostname="Lenovo" failures="0" tests="1" name="tests.TwoTest" time="11.738" errors="0" timestamp="2022-11-16T19:26:38 IST" skipped="0">
  <testcase classname="tests.TwoTest" name="testTwo" time="11.738"/>
  <system-out/>
</testsuite> <!-- tests.TwoTest -->
